<?xml version="1.0" encoding="UTF-8"?>
<!-- Generated by org.testng.reporters.JUnitReportReporter -->
<testsuite hostname="DESKTOP-05SPE4V" failures="0" tests="1" name="yatri.Railyatri" time="4.085" errors="0" timestamp="2023-08-03T09:42:54 IST" skipped="0">
  <testcase classname="yatri.Railyatri" name="railticket" time="4.085"/>
  <system-out>
    <![CDATA[opeining rail]]>
  </system-out>
</testsuite> <!-- yatri.Railyatri -->
